0 info it worked if it ends with ok
1 verbose cli [ '/usr/local/bin/node',
1 verbose cli   '/usr/local/bin/npm',
1 verbose cli   'install',
1 verbose cli   'ionicons',
1 verbose cli   '--save' ]
2 info using npm@2.10.1
3 info using node@v0.12.4
4 verbose install initial load of /Users/zacharylester/watchly/watchlyio/package.json
5 warn package.json watchly@1.0.0 No repository field.
6 warn package.json watchly@1.0.0 No README data
7 warn package.json watchly@1.0.0 No license field.
8 verbose installManyTop reading scoped package data from /Users/zacharylester/watchly/watchlyio/node_modules/bower/package.json
9 verbose installManyTop reading scoped package data from /Users/zacharylester/watchly/watchlyio/node_modules/gulp/package.json
10 verbose installManyTop reading scoped package data from /Users/zacharylester/watchly/watchlyio/node_modules/gulp-concat/package.json
11 verbose installManyTop reading scoped package data from /Users/zacharylester/watchly/watchlyio/node_modules/gulp-minify-css/package.json
12 verbose installManyTop reading scoped package data from /Users/zacharylester/watchly/watchlyio/node_modules/gulp-rename/package.json
13 verbose installManyTop reading scoped package data from /Users/zacharylester/watchly/watchlyio/node_modules/gulp-sass/package.json
14 verbose installManyTop reading scoped package data from /Users/zacharylester/watchly/watchlyio/node_modules/gulp-util/package.json
15 verbose installManyTop reading scoped package data from /Users/zacharylester/watchly/watchlyio/node_modules/shelljs/package.json
16 info package.json bower@1.4.1 No license field.
17 info package.json gulp-util@2.2.20 No license field.
18 info package.json shelljs@0.3.0 license should be a valid SPDX license expression
19 info package.json gulp-minify-css@0.3.13 No license field.
20 info package.json gulp-rename@1.2.2 No license field.
21 verbose readDependencies loading dependencies from /Users/zacharylester/watchly/watchlyio/package.json
22 silly cache add args [ 'ionicons', null ]
23 verbose cache add spec ionicons
24 silly cache add parsed spec { raw: 'ionicons',
24 silly cache add   scope: null,
24 silly cache add   name: 'ionicons',
24 silly cache add   rawSpec: '',
24 silly cache add   spec: '*',
24 silly cache add   type: 'range' }
25 silly addNamed ionicons@*
26 verbose addNamed "*" is a valid semver range for ionicons
27 silly addNameRange { name: 'ionicons', range: '*', hasData: false }
28 silly mapToRegistry name ionicons
29 silly mapToRegistry using default registry
30 silly mapToRegistry registry https://registry.npmjs.org/
31 silly mapToRegistry uri https://registry.npmjs.org/ionicons
32 verbose addNameRange registry:https://registry.npmjs.org/ionicons not in flight; fetching
33 verbose request uri https://registry.npmjs.org/ionicons
34 verbose request no auth needed
35 info attempt registry request try #1 at 7:38:42 PM
36 verbose request id 85e6634aa824891b
37 http request GET https://registry.npmjs.org/ionicons
38 http 404 https://registry.npmjs.org/ionicons
39 verbose headers { server: 'CouchDB/1.5.0 (Erlang OTP/R16B03)',
39 verbose headers   'content-type': 'application/json',
39 verbose headers   'cache-control': 'max-age=0',
39 verbose headers   'content-length': '51',
39 verbose headers   'accept-ranges': 'bytes',
39 verbose headers   date: 'Wed, 24 Jun 2015 02:38:42 GMT',
39 verbose headers   via: '1.1 varnish',
39 verbose headers   age: '0',
39 verbose headers   connection: 'keep-alive',
39 verbose headers   'x-served-by': 'cache-sjc3134-SJC',
39 verbose headers   'x-cache': 'MISS',
39 verbose headers   'x-cache-hits': '0',
39 verbose headers   'x-timer': 'S1435113522.583875,VS0,VE40' }
40 silly get cb [ 404,
40 silly get   { server: 'CouchDB/1.5.0 (Erlang OTP/R16B03)',
40 silly get     'content-type': 'application/json',
40 silly get     'cache-control': 'max-age=0',
40 silly get     'content-length': '51',
40 silly get     'accept-ranges': 'bytes',
40 silly get     date: 'Wed, 24 Jun 2015 02:38:42 GMT',
40 silly get     via: '1.1 varnish',
40 silly get     age: '0',
40 silly get     connection: 'keep-alive',
40 silly get     'x-served-by': 'cache-sjc3134-SJC',
40 silly get     'x-cache': 'MISS',
40 silly get     'x-cache-hits': '0',
40 silly get     'x-timer': 'S1435113522.583875,VS0,VE40' } ]
41 verbose stack Error: 404 Not Found: ionicons
41 verbose stack     at CachingRegistryClient.<anonymous> (/usr/local/lib/node_modules/npm/node_modules/npm-registry-client/lib/request.js:245:14)
41 verbose stack     at Request._callback (/usr/local/lib/node_modules/npm/node_modules/npm-registry-client/lib/request.js:170:14)
41 verbose stack     at Request.self.callback (/usr/local/lib/node_modules/npm/node_modules/request/request.js:368:22)
41 verbose stack     at Request.emit (events.js:110:17)
41 verbose stack     at Request.<anonymous> (/usr/local/lib/node_modules/npm/node_modules/request/request.js:1219:14)
41 verbose stack     at Request.emit (events.js:129:20)
41 verbose stack     at IncomingMessage.<anonymous> (/usr/local/lib/node_modules/npm/node_modules/request/request.js:1167:12)
41 verbose stack     at IncomingMessage.emit (events.js:129:20)
41 verbose stack     at _stream_readable.js:908:16
41 verbose stack     at process._tickCallback (node.js:355:11)
42 verbose statusCode 404
43 verbose pkgid ionicons
44 verbose cwd /Users/zacharylester/watchly/watchlyio
45 error Darwin 14.3.0
46 error argv "/usr/local/bin/node" "/usr/local/bin/npm" "install" "ionicons" "--save"
47 error node v0.12.4
48 error npm  v2.10.1
49 error code E404
50 error 404 Not Found: ionicons
50 error 404
50 error 404 'ionicons' is not in the npm registry.
50 error 404 You should bug the author to publish it (or use the name yourself!)
50 error 404 It was specified as a dependency of 'watchly'
50 error 404
50 error 404 Note that you can also install from a
50 error 404 tarball, folder, http url, or git url.
51 verbose exit [ 1, true ]
