2015-06-23 12:00:51.321 watchly[23999:583611] DiskCookieStorage changing policy from 2 to 0, cookie file: file:///Users/zacharylester/Library/Developer/CoreSimulator/Devices/14B686F5-D2D9-466E-B104-D19AE23B18BE/data/Containers/Data/Application/31C26276-4044-4B3A-948C-6D4C86CEB665/Library/Cookies/Cookies.binarycookies
2015-06-23 12:00:52.228 watchly[23999:583611] Apache Cordova native platform version 3.8.0 is starting.
2015-06-23 12:00:52.228 watchly[23999:583611] Multi-tasking -> Device: YES, App: YES
2015-06-23 12:00:52.289 watchly[23999:583611] Unlimited access to network resources
2015-06-23 12:00:55.063 watchly[23999:583611] Resetting plugins due to page load.
2015-06-23 12:00:57.105 watchly[23999:583611] Finished load of: file:///Users/zacharylester/Library/Developer/CoreSimulator/Devices/14B686F5-D2D9-466E-B104-D19AE23B18BE/data/Containers/Bundle/Application/9EF5F1F8-4745-47B6-8C52-49578D9841B0/watchly.app/www/index.html
2015-06-23 13:06:09.306 watchly[24415:589484] DiskCookieStorage changing policy from 2 to 0, cookie file: file:///Users/zacharylester/Library/Developer/CoreSimulator/Devices/14B686F5-D2D9-466E-B104-D19AE23B18BE/data/Containers/Data/Application/C707FF75-01CA-495B-92B0-6B0D06F8BAFC/Library/Cookies/Cookies.binarycookies
2015-06-23 13:06:09.886 watchly[24415:589484] Apache Cordova native platform version 3.8.0 is starting.
2015-06-23 13:06:09.886 watchly[24415:589484] Multi-tasking -> Device: YES, App: YES
2015-06-23 13:06:09.899 watchly[24415:589484] Unlimited access to network resources
2015-06-23 13:06:10.715 watchly[24415:589484] Resetting plugins due to page load.
2015-06-23 13:06:11.776 watchly[24415:589484] Finished load of: file:///Users/zacharylester/Library/Developer/CoreSimulator/Devices/14B686F5-D2D9-466E-B104-D19AE23B18BE/data/Containers/Bundle/Application/969D18C6-1042-4B97-9746-D7818E17DA7B/watchly.app/www/index.html
2015-06-23 13:12:38.361 watchly[24811:592531] DiskCookieStorage changing policy from 2 to 0, cookie file: file:///Users/zacharylester/Library/Developer/CoreSimulator/Devices/14B686F5-D2D9-466E-B104-D19AE23B18BE/data/Containers/Data/Application/40F654D0-30E6-409E-A910-2058F33B782B/Library/Cookies/Cookies.binarycookies
2015-06-23 13:12:38.673 watchly[24811:592531] Apache Cordova native platform version 3.8.0 is starting.
2015-06-23 13:12:38.674 watchly[24811:592531] Multi-tasking -> Device: YES, App: YES
2015-06-23 13:12:38.688 watchly[24811:592531] Unlimited access to network resources
2015-06-23 13:12:39.295 watchly[24811:592531] Resetting plugins due to page load.
2015-06-23 13:12:41.590 watchly[24811:592531] Finished load of: file:///Users/zacharylester/Library/Developer/CoreSimulator/Devices/14B686F5-D2D9-466E-B104-D19AE23B18BE/data/Containers/Bundle/Application/650DB429-5598-4023-9058-B238206D1795/watchly.app/www/index.html
2015-06-23 13:34:11.889 watchly[26736:604408] DiskCookieStorage changing policy from 2 to 0, cookie file: file:///Users/zacharylester/Library/Developer/CoreSimulator/Devices/14B686F5-D2D9-466E-B104-D19AE23B18BE/data/Containers/Data/Application/6740AD7B-F1A2-4619-8019-B74B19ED94A9/Library/Cookies/Cookies.binarycookies
2015-06-23 13:34:12.978 watchly[26736:604408] Apache Cordova native platform version 3.8.0 is starting.
2015-06-23 13:34:12.978 watchly[26736:604408] Multi-tasking -> Device: YES, App: YES
2015-06-23 13:34:13.005 watchly[26736:604408] Unlimited access to network resources
2015-06-23 13:34:14.161 watchly[26736:604408] Resetting plugins due to page load.
2015-06-23 13:34:15.671 watchly[26736:604408] Finished load of: file:///Users/zacharylester/Library/Developer/CoreSimulator/Devices/14B686F5-D2D9-466E-B104-D19AE23B18BE/data/Containers/Bundle/Application/AFE93539-9959-4204-BD88-D3A93583A0CA/watchly.app/www/index.html
2015-06-23 13:35:59.988 watchly[28341:607263] DiskCookieStorage changing policy from 2 to 0, cookie file: file:///Users/zacharylester/Library/Developer/CoreSimulator/Devices/14B686F5-D2D9-466E-B104-D19AE23B18BE/data/Containers/Data/Application/AFF6A9D8-CAC6-40BC-93A9-B56373C57400/Library/Cookies/Cookies.binarycookies
2015-06-23 13:36:00.380 watchly[28341:607263] Apache Cordova native platform version 3.8.0 is starting.
2015-06-23 13:36:00.404 watchly[28341:607263] Multi-tasking -> Device: YES, App: YES
2015-06-23 13:36:00.419 watchly[28341:607263] Unlimited access to network resources
2015-06-23 13:36:00.875 watchly[28341:607263] Resetting plugins due to page load.
2015-06-23 13:36:01.492 watchly[28341:607263] Finished load of: file:///Users/zacharylester/Library/Developer/CoreSimulator/Devices/14B686F5-D2D9-466E-B104-D19AE23B18BE/data/Containers/Bundle/Application/76DD32BC-27CD-4FB9-80E6-E2E975885BDE/watchly.app/www/index.html
2015-06-23 13:38:00.550 watchly[29944:610312] DiskCookieStorage changing policy from 2 to 0, cookie file: file:///Users/zacharylester/Library/Developer/CoreSimulator/Devices/14B686F5-D2D9-466E-B104-D19AE23B18BE/data/Containers/Data/Application/A0DB4581-ACE8-4885-A9CB-1E0083817CC4/Library/Cookies/Cookies.binarycookies
2015-06-23 13:38:01.477 watchly[29944:610312] Apache Cordova native platform version 3.8.0 is starting.
2015-06-23 13:38:01.477 watchly[29944:610312] Multi-tasking -> Device: YES, App: YES
2015-06-23 13:38:01.492 watchly[29944:610312] Unlimited access to network resources
2015-06-23 13:38:01.868 watchly[29944:610312] Resetting plugins due to page load.
2015-06-23 13:38:02.448 watchly[29944:610312] Finished load of: file:///Users/zacharylester/Library/Developer/CoreSimulator/Devices/14B686F5-D2D9-466E-B104-D19AE23B18BE/data/Containers/Bundle/Application/8FF9212C-BF0B-4984-B181-32A681B4EBA1/watchly.app/www/index.html
2015-06-23 13:54:56.287 watchly[31720:619505] DiskCookieStorage changing policy from 2 to 0, cookie file: file:///Users/zacharylester/Library/Developer/CoreSimulator/Devices/14B686F5-D2D9-466E-B104-D19AE23B18BE/data/Containers/Data/Application/58820250-F79C-46EE-AAD9-CF4C212C299B/Library/Cookies/Cookies.binarycookies
2015-06-23 13:54:58.057 watchly[31720:619505] Apache Cordova native platform version 3.8.0 is starting.
2015-06-23 13:54:58.059 watchly[31720:619505] Multi-tasking -> Device: YES, App: YES
2015-06-23 13:54:58.165 watchly[31720:619505] Unlimited access to network resources
2015-06-23 13:54:59.200 watchly[31720:619505] Resetting plugins due to page load.
2015-06-23 13:55:00.113 watchly[31720:619505] Finished load of: file:///Users/zacharylester/Library/Developer/CoreSimulator/Devices/14B686F5-D2D9-466E-B104-D19AE23B18BE/data/Containers/Bundle/Application/B18F1047-1B7A-465C-BEA1-E718A8220CB8/watchly.app/www/index.html
2015-06-23 15:35:58.662 watchly[34408:654103] DiskCookieStorage changing policy from 2 to 0, cookie file: file:///Users/zacharylester/Library/Developer/CoreSimulator/Devices/14B686F5-D2D9-466E-B104-D19AE23B18BE/data/Containers/Data/Application/D0A9CC4C-6BE9-4218-BBBF-BECB2927D9CF/Library/Cookies/Cookies.binarycookies
2015-06-23 15:35:59.354 watchly[34408:654103] Apache Cordova native platform version 3.8.0 is starting.
2015-06-23 15:35:59.355 watchly[34408:654103] Multi-tasking -> Device: YES, App: YES
2015-06-23 15:35:59.401 watchly[34408:654103] Unlimited access to network resources
2015-06-23 15:36:00.726 watchly[34408:654103] Resetting plugins due to page load.
2015-06-23 15:36:01.752 watchly[34408:654103] Finished load of: file:///Users/zacharylester/Library/Developer/CoreSimulator/Devices/14B686F5-D2D9-466E-B104-D19AE23B18BE/data/Containers/Bundle/Application/D7E54B0F-E821-4ED2-914D-89C77AC4DAF9/watchly.app/www/index.html
2015-06-23 19:42:44.866 watchly[37400:695742] DiskCookieStorage changing policy from 2 to 0, cookie file: file:///Users/zacharylester/Library/Developer/CoreSimulator/Devices/14B686F5-D2D9-466E-B104-D19AE23B18BE/data/Containers/Data/Application/73B7A012-3809-4E43-9178-B01654B63B77/Library/Cookies/Cookies.binarycookies
2015-06-23 19:42:46.130 watchly[37400:695742] Apache Cordova native platform version 3.8.0 is starting.
2015-06-23 19:42:46.130 watchly[37400:695742] Multi-tasking -> Device: YES, App: YES
2015-06-23 19:42:46.166 watchly[37400:695742] Unlimited access to network resources
2015-06-23 19:42:47.741 watchly[37400:695742] Resetting plugins due to page load.
2015-06-23 19:42:48.823 watchly[37400:695742] Finished load of: file:///Users/zacharylester/Library/Developer/CoreSimulator/Devices/14B686F5-D2D9-466E-B104-D19AE23B18BE/data/Containers/Bundle/Application/51A54FEC-E1EC-409E-A60B-F24B6009317E/watchly.app/www/index.html
2015-06-23 22:00:02.607 watchly[39498:728650] DiskCookieStorage changing policy from 2 to 0, cookie file: file:///Users/zacharylester/Library/Developer/CoreSimulator/Devices/14B686F5-D2D9-466E-B104-D19AE23B18BE/data/Containers/Data/Application/766E6827-EFB2-4C82-93D1-D18A64961AFB/Library/Cookies/Cookies.binarycookies
2015-06-23 22:00:03.972 watchly[39498:728650] Apache Cordova native platform version 3.8.0 is starting.
2015-06-23 22:00:03.972 watchly[39498:728650] Multi-tasking -> Device: YES, App: YES
2015-06-23 22:00:04.002 watchly[39498:728650] Unlimited access to network resources
2015-06-23 22:00:05.315 watchly[39498:728650] Resetting plugins due to page load.
2015-06-23 22:00:06.196 watchly[39498:728650] Finished load of: file:///Users/zacharylester/Library/Developer/CoreSimulator/Devices/14B686F5-D2D9-466E-B104-D19AE23B18BE/data/Containers/Bundle/Application/DC13E29C-60F0-4A6E-8D6F-2775B939C95A/watchly.app/www/index.html
2015-06-23 22:47:17.194 watchly[43127:750235] DiskCookieStorage changing policy from 2 to 0, cookie file: file:///Users/zacharylester/Library/Developer/CoreSimulator/Devices/14B686F5-D2D9-466E-B104-D19AE23B18BE/data/Containers/Data/Application/EC1F4EC5-2AA7-4191-999B-5FE055201B4D/Library/Cookies/Cookies.binarycookies
2015-06-23 22:47:17.372 watchly[43127:750235] Apache Cordova native platform version 3.8.0 is starting.
2015-06-23 22:47:17.372 watchly[43127:750235] Multi-tasking -> Device: YES, App: YES
2015-06-23 22:47:17.387 watchly[43127:750235] Unlimited access to network resources
2015-06-23 22:47:17.699 watchly[43127:750235] Resetting plugins due to page load.
2015-06-23 22:47:18.605 watchly[43127:750235] Finished load of: http://10.6.28.106:8100/
2015-06-24 10:53:19.935 watchly[45172:776138] DiskCookieStorage changing policy from 2 to 0, cookie file: file:///Users/zacharylester/Library/Developer/CoreSimulator/Devices/14B686F5-D2D9-466E-B104-D19AE23B18BE/data/Containers/Data/Application/A6FDEE0E-7C70-471C-97D3-98D5E5836858/Library/Cookies/Cookies.binarycookies
2015-06-24 10:53:20.559 watchly[45172:776138] Apache Cordova native platform version 3.8.0 is starting.
2015-06-24 10:53:20.559 watchly[45172:776138] Multi-tasking -> Device: YES, App: YES
2015-06-24 10:53:20.594 watchly[45172:776138] Unlimited access to network resources
2015-06-24 10:53:22.370 watchly[45172:776138] Resetting plugins due to page load.
2015-06-24 10:53:23.811 watchly[45172:776138] Finished load of: file:///Users/zacharylester/Library/Developer/CoreSimulator/Devices/14B686F5-D2D9-466E-B104-D19AE23B18BE/data/Containers/Bundle/Application/07992071-B544-482B-A955-683F4A035C25/watchly.app/www/index.html
2015-06-24 14:23:49.114 watchly[47504:818653] DiskCookieStorage changing policy from 2 to 0, cookie file: file:///Users/zacharylester/Library/Developer/CoreSimulator/Devices/14B686F5-D2D9-466E-B104-D19AE23B18BE/data/Containers/Data/Application/E17281D8-FE1E-4E53-8275-C1CDB5B46550/Library/Cookies/Cookies.binarycookies
2015-06-24 14:23:50.048 watchly[47504:818653] Apache Cordova native platform version 3.8.0 is starting.
2015-06-24 14:23:50.048 watchly[47504:818653] Multi-tasking -> Device: YES, App: YES
2015-06-24 14:23:50.089 watchly[47504:818653] Unlimited access to network resources
2015-06-24 14:23:52.173 watchly[47504:818653] Resetting plugins due to page load.
2015-06-24 14:23:53.365 watchly[47504:818653] Finished load of: file:///Users/zacharylester/Library/Developer/CoreSimulator/Devices/14B686F5-D2D9-466E-B104-D19AE23B18BE/data/Containers/Bundle/Application/583E084F-22F3-4E7D-AEEE-D42FA6803578/watchly.app/www/index.html
